<?xml version="1.0" encoding="UTF-8"?>
<!-- Generated by org.testng.reporters.JUnitReportReporter -->
<testsuite skipped="0" hostname="DESKTOP-C8SKF8K" name="com.training.sanity.tests.RTTC_019DeleteSalesOrder" tests="1" failures="0" timestamp="13 May 2020 15:31:14 GMT" time="18.187" errors="0">
  <testcase name="testMethod" time="18.187" classname="com.training.sanity.tests.RTTC_019DeleteSalesOrder"/>
</testsuite> <!-- com.training.sanity.tests.RTTC_019DeleteSalesOrder -->
