<?xml version="1.0" encoding="UTF-8"?>
<!-- Generated by org.testng.reporters.JUnitReportReporter -->
<testsuite hostname="DESKTOP-C8SKF8K" name="com.training.sanity.tests.RTTC_007ChangePassword" tests="1" failures="0" timestamp="12 May 2020 11:21:38 GMT" time="32.584" errors="0">
  <testcase name="validLoginTest" time="32.584" classname="com.training.sanity.tests.RTTC_007ChangePassword"/>
</testsuite> <!-- com.training.sanity.tests.RTTC_007ChangePassword -->
