<?xml version="1.0" encoding="UTF-8"?>
<!-- Generated by org.testng.reporters.JUnitReportReporter -->
<testsuite skipped="0" hostname="DESKTOP-C8SKF8K" name="com.training.sanity.tests.RTTC_016PlaceOrder" tests="1" failures="0" timestamp="12 May 2020 15:56:59 GMT" time="17.239" errors="0">
  <testcase name="testMethod" time="17.239" classname="com.training.sanity.tests.RTTC_016PlaceOrder"/>
</testsuite> <!-- com.training.sanity.tests.RTTC_016PlaceOrder -->
